gradleBuild/outputs/logs/manifest-merger-debug-report.txt
-- Merging decision tree log ---
manifest
ADDED from AndroidStudioProjects/AI See/AndroidManifest.xml:18:1-47:12
	package
		ADDED from AndroidStudioProjects/AI See/AndroidManifest.xml:19:5-34
	xmlns:android
		ADDED from AndroidStudioProjects/AI See/AndroidManifest.xml:18:11-69
uses-permission#android.permission.CAMERA
ADDED from AndroidStudioProjects/AI See/AndroidManifest.xml:21:5-65
	android:name
		ADDED from AndroidStudioProjects/AI See/AndroidManifest.xml:21:22-62
uses-feature#android.hardware.camera
ADDED from AndroidStudioProjects/AI See/AndroidManifest.xml:22:5-60
	android:name
		ADDED from AndroidStudioProjects/AI See/AndroidManifest.xml:22:19-57
uses-feature#android.hardware.camera.autofocus
ADDED from AndroidStudioProjects/AI See/AndroidManifest.xml:23:5-70
	android:name
		ADDED from AndroidStudioProjects/AI See/AndroidManifest.xml:23:19-67
uses-permission#android.permission.WRITE_EXTERNAL_STORAGE
ADDED from AndroidStudioProjects/AI See/AndroidManifest.xml:24:5-80
	android:name
		ADDED from AndroidStudioProjects/AI See/AndroidManifest.xml:24:22-78
uses-sdk
ADDED from AndroidStudioProjects/AI See/AndroidManifest.xml:26:5-28:41
	android:targetSdkVersion
		ADDED from AndroidStudioProjects/AI See/AndroidManifest.xml:28:9-38
	android:minSdkVersion
		ADDED from AndroidStudioProjects/AI See/AndroidManifest.xml:27:9-35
application
ADDED from AndroidStudioProjects/AI See/AndroidManifest.xml:30:5-45:19
MERGED from [org.tensorflow:tensorflow-android:1.2.0-preview] AndroidManifest.xml:5:5-6:19
	android:label
		ADDED from AndroidStudioProjects/AI See/AndroidManifest.xml:32:9-41
	android:debuggable
		ADDED from AndroidStudioProjects/AI See/AndroidManifest.xml:31:9-34
	android:allowBackup
		ADDED from AndroidStudioProjects/AI See/AndroidManifest.xml:30:18-44
	android:icon
		ADDED from AndroidStudioProjects/AI See/AndroidManifest.xml:33:9-45
	android:theme
		ADDED from AndroidStudioProjects/AI See/AndroidManifest.xml:34:9-45
activity#me.r00t.aisee.ClassifierActivity
ADDED from AndroidStudioProjects/AI See/AndroidManifest.xml:36:9-44:20
	android:screenOrientation
		ADDED from AndroidStudioProjects/AI See/AndroidManifest.xml:37:19-55
	android:label
		ADDED from AndroidStudioProjects/AI See/AndroidManifest.xml:38:19-71
	android:theme
		ADDED from AndroidStudioProjects/AI See/AndroidManifest.xml:39:19-53
	android:name
		ADDED from AndroidStudioProjects/AI See/AndroidManifest.xml:36:19-66
intent-filter#android.intent.action.MAIN+android.intent.category.LAUNCHER
ADDED from AndroidStudioProjects/AI See/AndroidManifest.xml:40:13-43:29
action#android.intent.action.MAIN
ADDED from AndroidStudioProjects/AI See/AndroidManifest.xml:41:17-69
	android:name
		ADDED from AndroidStudioProjects/AI See/AndroidManifest.xml:41:25-66
category#android.intent.category.LAUNCHER
ADDED from AndroidStudioProjects/AI See/AndroidManifest.xml:42:17-77
	android:name
		ADDED from AndroidStudioProjects/AI See/AndroidManifest.xml:42:27-74
uses-permission#android.permission.READ_PHONE_STATE
IMPLIED from AndroidStudioProjects/AI See/AndroidManifest.xml:18:1-47:12 reason: tensorflow.contrib.android has a targetSdkVersion < 4
uses-permission#android.permission.READ_EXTERNAL_STORAGE
IMPLIED from AndroidStudioProjects/AI See/AndroidManifest.xml:18:1-47:12 reason: tensorflow.contrib.android requested WRITE_EXTERNAL_STORAGE